<?xml version="1.0" encoding="UTF-8"?>
<testsuite name="MainTest" tests="4" skipped="0" failures="0" errors="0" timestamp="2024-03-26T20:25:08" hostname="DESKTOP-A97GDF4" time="0.006">
  <properties/>
  <testcase name="testCallMeAwesomeWithSpecialCharacterInput" classname="MainTest" time="0.005"/>
  <testcase name="testCallMeAwesomeWithNumericInput" classname="MainTest" time="0.001"/>
  <testcase name="testCallMeAwesomeWithLongInput" classname="MainTest" time="0.0"/>
  <testcase name="testCallMeAwesomeWithValidInput" classname="MainTest" time="0.0"/>
  <system-out><![CDATA[]]></system-out>
  <system-err><![CDATA[]]></system-err>
</testsuite>
