<?xml version="1.0" encoding="UTF-8"?>
<testsuite name="MainTest" tests="6" skipped="0" failures="0" errors="0" timestamp="2024-03-28T10:22:26" hostname="DESKTOP-A97GDF4" time="0.007">
  <properties/>
  <testcase name="testGetMaxMinusCurrent_long" classname="MainTest" time="0.005"/>
  <testcase name="testGetMaxMinusCurrent_long_maxValue" classname="MainTest" time="0.0"/>
  <testcase name="testGetMaxMinusCurrent_int_zero" classname="MainTest" time="0.001"/>
  <testcase name="testGetMaxMinusCurrent_int" classname="MainTest" time="0.0"/>
  <testcase name="testGetMaxMinusCurrent_long_zero" classname="MainTest" time="0.001"/>
  <testcase name="testGetMaxMinusCurrent_int_maxValue" classname="MainTest" time="0.0"/>
  <system-out><![CDATA[]]></system-out>
  <system-err><![CDATA[]]></system-err>
</testsuite>
