<?xml version="1.0" encoding="UTF-8"?>
<testsuite name="MainTest" tests="6" skipped="0" failures="0" errors="0" timestamp="2024-04-04T09:36:11" hostname="DESKTOP-A97GDF4" time="0.003">
  <properties/>
  <testcase name="testRunWithMultipleArgs" classname="MainTest" time="0.002"/>
  <testcase name="testRunWithEmptyStringArg" classname="MainTest" time="0.0"/>
  <testcase name="testFromProblem" classname="MainTest" time="0.0"/>
  <testcase name="testRunWithNoArgs" classname="MainTest" time="0.0"/>
  <testcase name="testRunWithOneArg" classname="MainTest" time="0.001"/>
  <testcase name="testRunWithSpecialCharacters" classname="MainTest" time="0.0"/>
  <system-out><![CDATA[]]></system-out>
  <system-err><![CDATA[]]></system-err>
</testsuite>
