<?xml version="1.0" encoding="UTF-8"?>
<testsuite name="MainTest" tests="6" skipped="0" failures="0" errors="0" timestamp="2024-03-27T10:13:52" hostname="DESKTOP-A97GDF4" time="0.007">
  <properties/>
  <testcase name="testFactorialWithSmallPositiveNumber" classname="MainTest" time="0.005"/>
  <testcase name="testFactorialWithOne" classname="MainTest" time="0.001"/>
  <testcase name="testFactorialWithNegativeNumber" classname="MainTest" time="0.0"/>
  <testcase name="testFactorialWithZero" classname="MainTest" time="0.001"/>
  <testcase name="test" classname="MainTest" time="0.0"/>
  <testcase name="testFactorialWithLargePositiveNumber" classname="MainTest" time="0.0"/>
  <system-out><![CDATA[]]></system-out>
  <system-err><![CDATA[]]></system-err>
</testsuite>
