<?xml version="1.0" encoding="UTF-8"?>
<testsuite name="MainTest" tests="5" skipped="0" failures="0" errors="0" timestamp="2024-04-08T20:09:41" hostname="DESKTOP-A97GDF4" time="0.012">
  <properties/>
  <testcase name="testInvertArrayMixed" classname="MainTest" time="0.009"/>
  <testcase name="testInvertArraySingleElementTrue" classname="MainTest" time="0.001"/>
  <testcase name="testInvertArrayAllFalse" classname="MainTest" time="0.0"/>
  <testcase name="testInvertArraySingleElementFalse" classname="MainTest" time="0.001"/>
  <testcase name="testInvertArrayAllTrue" classname="MainTest" time="0.001"/>
  <system-out><![CDATA[]]></system-out>
  <system-err><![CDATA[]]></system-err>
</testsuite>
