<?xml version="1.0" encoding="UTF-8"?>
<testsuite name="MainTest" tests="6" skipped="0" failures="0" errors="0" timestamp="2024-03-29T15:03:26" hostname="DESKTOP-A97GDF4" time="0.014">
  <properties/>
  <testcase name="testRepeatedNumbers" classname="MainTest" time="0.011"/>
  <testcase name="testSingleNumber" classname="MainTest" time="0.0"/>
  <testcase name="simpleSort" classname="MainTest" time="0.0"/>
  <testcase name="testAlreadySorted" classname="MainTest" time="0.0"/>
  <testcase name="testLargeNumbers" classname="MainTest" time="0.0"/>
  <testcase name="testNegativeNumbers" classname="MainTest" time="0.001"/>
  <system-out><![CDATA[]]></system-out>
  <system-err><![CDATA[]]></system-err>
</testsuite>
