<?xml version="1.0" encoding="UTF-8"?>
<testsuite name="MainTest" tests="6" skipped="0" failures="0" errors="0" timestamp="2024-03-26T21:04:39" hostname="DESKTOP-A97GDF4" time="0.006">
  <properties/>
  <testcase name="testIsVowelWithUpperCaseY" classname="MainTest" time="0.004"/>
  <testcase name="testIsVowelWithLowerCaseNonVowel" classname="MainTest" time="0.001"/>
  <testcase name="testIsVowelWithUpperCaseVowel" classname="MainTest" time="0.0"/>
  <testcase name="testIsVowelWithUpperCaseNonVowel" classname="MainTest" time="0.001"/>
  <testcase name="testIsVowelWithLowerCaseVowel" classname="MainTest" time="0.0"/>
  <testcase name="testIsVowelWithLowerCaseY" classname="MainTest" time="0.0"/>
  <system-out><![CDATA[]]></system-out>
  <system-err><![CDATA[]]></system-err>
</testsuite>
