<?xml version="1.0" encoding="UTF-8"?>
<testsuite name="MainTest" tests="7" skipped="0" failures="0" errors="0" timestamp="2024-03-26T20:53:38" hostname="DESKTOP-A97GDF4" time="0.01">
  <properties/>
  <testcase name="testSignWithLargePositiveInput" classname="MainTest" time="0.006"/>
  <testcase name="testSignWithZeroInput" classname="MainTest" time="0.0"/>
  <testcase name="testSignWithLargeNegativeInput" classname="MainTest" time="0.0"/>
  <testcase name="testSignWithPositiveInput" classname="MainTest" time="0.001"/>
  <testcase name="testSignWithMinIntInput" classname="MainTest" time="0.001"/>
  <testcase name="testSignWithNegativeInput" classname="MainTest" time="0.0"/>
  <testcase name="testSignWithMaxIntInput" classname="MainTest" time="0.001"/>
  <system-out><![CDATA[]]></system-out>
  <system-err><![CDATA[]]></system-err>
</testsuite>
