<?xml version="1.0" encoding="UTF-8"?>
<testsuite name="MainTest" tests="5" skipped="0" failures="0" errors="0" timestamp="2024-03-27T07:34:20" hostname="DESKTOP-A97GDF4" time="0.011">
  <properties/>
  <testcase name="testDivideFromProblem" classname="MainTest" time="0.007"/>
  <testcase name="testDivideWithValidInput1" classname="MainTest" time="0.001"/>
  <testcase name="testDivideWithValidInput2" classname="MainTest" time="0.001"/>
  <testcase name="testDivideWithValidInput3" classname="MainTest" time="0.001"/>
  <testcase name="testDivideWithValidInput4" classname="MainTest" time="0.001"/>
  <system-out><![CDATA[]]></system-out>
  <system-err><![CDATA[]]></system-err>
</testsuite>
